2021-12-09 10:42:30,616 [INFO] Activator:177 - 


2021-12-09 10:42:30,616 [INFO] Activator:178 - !SESSION log4j initialized
2021-12-09 10:43:04,128 [INFO] McuFinderGlobals:39 - Set McuFinder mode to 2 (CubeIDE integrated)
2021-12-09 10:43:05,885 [INFO] ApplicationProperties:181 - Using Application install path: C:\ST\STM32CubeIDE_1.7.0\STM32CubeIDE\plugins\com.st.stm32cube.common.mx_6.3.0.202107141111
2021-12-09 10:43:05,925 [INFO] DbMcusXml:74 - Set database path to: C:\ST\STM32CubeIDE_1.7.0\STM32CubeIDE\plugins\com.st.stm32cube.common.mx_6.3.0.202107141111\\db\/mcu/
2021-12-09 10:43:05,941 [INFO] DbBoardsPdsc:56 - Set plugin database path to: C:\ST\STM32CubeIDE_1.7.0\STM32CubeIDE\plugins\com.st.stm32cube.common.mx_6.3.0.202107141111\\db\/plugins/boardmanager/
2021-12-09 10:43:05,941 [INFO] DbMcus:258 - Set plugin images path to: C:\ST\STM32CubeIDE_1.7.0\STM32CubeIDE\plugins\com.st.stm32cube.common.mx_6.3.0.202107141111\\db\/plugins/mcufinder/images/
2021-12-09 10:43:05,941 [INFO] DbBoards:264 - Set plugin images path to: C:\ST\STM32CubeIDE_1.7.0\STM32CubeIDE\plugins\com.st.stm32cube.common.mx_6.3.0.202107141111\\db\/plugins/mcufinder/images/
2021-12-09 10:43:05,941 [INFO] DbExamples:333 - Set plugin images path to: C:\ST\STM32CubeIDE_1.7.0\STM32CubeIDE\plugins\com.st.stm32cube.common.mx_6.3.0.202107141111\\db\/plugins/mcufinder/images/
2021-12-09 10:43:06,159 [INFO] DbMcusAds:119 - Set database path to: C:\Users\TrungNguyenTrung\.stmcufinder\plugins\mcufinder//mcu/
2021-12-09 10:43:06,175 [INFO] DbMcusDocs:110 - Set database path to: C:\Users\TrungNguyenTrung\.stmcufinder\plugins\mcufinder//mcu/
2021-12-09 10:43:06,175 [INFO] DbMcusJson:64 - Set database path to: C:\Users\TrungNguyenTrung\.stmcufinder\plugins\mcufinder//mcu/
2021-12-09 10:43:06,175 [INFO] DbBoardsDocs:110 - Set database path to: C:\Users\TrungNguyenTrung\.stmcufinder\plugins\mcufinder//mcu/
2021-12-09 10:43:06,175 [INFO] DbBoardsJson:57 - Set database path to: C:\Users\TrungNguyenTrung\.stmcufinder\plugins\mcufinder//mcu/
2021-12-09 10:43:06,191 [INFO] CrossReferenceDbSqlite:196 - Set database path to: C:\Users\TrungNguyenTrung\.stmcufinder\plugins\mcufinder//mcu/cs/
2021-12-09 10:43:06,191 [INFO] DbExamplesSqlite:767 - Set database path to: C:\Users\TrungNguyenTrung\.stmcufinder\plugins\mcufinder//mcu/
2021-12-09 10:43:06,441 [INFO] RulesReader:57 - Compatibility file has been processed (242 Rules)
2021-12-09 10:43:07,138 [INFO] DbMcusXml:74 - Set database path to: C:\ST\STM32CubeIDE_1.7.0\STM32CubeIDE\plugins\com.st.stm32cube.common.mx_6.3.0.202107141111\\db\/mcu/
2021-12-09 10:43:07,138 [INFO] DbBoardsPdsc:56 - Set plugin database path to: C:\ST\STM32CubeIDE_1.7.0\STM32CubeIDE\plugins\com.st.stm32cube.common.mx_6.3.0.202107141111\\db\/plugins/boardmanager/
2021-12-09 10:43:07,138 [INFO] DbMcus:258 - Set plugin images path to: C:\ST\STM32CubeIDE_1.7.0\STM32CubeIDE\plugins\com.st.stm32cube.common.mx_6.3.0.202107141111\\db\/plugins/mcufinder/images/
2021-12-09 10:43:07,138 [INFO] DbBoards:264 - Set plugin images path to: C:\ST\STM32CubeIDE_1.7.0\STM32CubeIDE\plugins\com.st.stm32cube.common.mx_6.3.0.202107141111\\db\/plugins/mcufinder/images/
2021-12-09 10:43:07,138 [INFO] DbExamples:333 - Set plugin images path to: C:\ST\STM32CubeIDE_1.7.0\STM32CubeIDE\plugins\com.st.stm32cube.common.mx_6.3.0.202107141111\\db\/plugins/mcufinder/images/
2021-12-09 10:43:07,138 [WARN] DbFile:35 - Overriding database path with different value: C:\Users\TrungNguyenTrung\.stmcufinder\plugins\mcufinder/ => C:\Users\TrungNguyenTrung\.stmcufinder\plugins\mcufinder
2021-12-09 10:43:07,138 [INFO] DbMcusAds:119 - Set database path to: C:\Users\TrungNguyenTrung\.stmcufinder\plugins\mcufinder//mcu/
2021-12-09 10:43:07,138 [WARN] DbFile:35 - Overriding database path with different value: C:\Users\TrungNguyenTrung\.stmcufinder\plugins\mcufinder/ => C:\Users\TrungNguyenTrung\.stmcufinder\plugins\mcufinder
2021-12-09 10:43:07,138 [INFO] DbMcusDocs:110 - Set database path to: C:\Users\TrungNguyenTrung\.stmcufinder\plugins\mcufinder//mcu/
2021-12-09 10:43:07,138 [WARN] DbFile:35 - Overriding database path with different value: C:\Users\TrungNguyenTrung\.stmcufinder\plugins\mcufinder/ => C:\Users\TrungNguyenTrung\.stmcufinder\plugins\mcufinder
2021-12-09 10:43:07,138 [INFO] DbMcusJson:64 - Set database path to: C:\Users\TrungNguyenTrung\.stmcufinder\plugins\mcufinder//mcu/
2021-12-09 10:43:07,138 [WARN] DbFile:35 - Overriding database path with different value: C:\Users\TrungNguyenTrung\.stmcufinder\plugins\mcufinder/ => C:\Users\TrungNguyenTrung\.stmcufinder\plugins\mcufinder
2021-12-09 10:43:07,138 [INFO] DbBoardsDocs:110 - Set database path to: C:\Users\TrungNguyenTrung\.stmcufinder\plugins\mcufinder//mcu/
2021-12-09 10:43:07,138 [WARN] DbFile:35 - Overriding database path with different value: C:\Users\TrungNguyenTrung\.stmcufinder\plugins\mcufinder/ => C:\Users\TrungNguyenTrung\.stmcufinder\plugins\mcufinder
2021-12-09 10:43:07,138 [INFO] DbBoardsJson:57 - Set database path to: C:\Users\TrungNguyenTrung\.stmcufinder\plugins\mcufinder//mcu/
2021-12-09 10:43:07,138 [WARN] DbFile:35 - Overriding database path with different value: C:\Users\TrungNguyenTrung\.stmcufinder\plugins\mcufinder/ => C:\Users\TrungNguyenTrung\.stmcufinder\plugins\mcufinder
2021-12-09 10:43:07,138 [WARN] DbFile:35 - Overriding database path with different value: C:\Users\TrungNguyenTrung\.stmcufinder\plugins\mcufinder/ => C:\Users\TrungNguyenTrung\.stmcufinder\plugins\mcufinder
2021-12-09 10:43:07,138 [INFO] CrossReferenceDbSqlite:196 - Set database path to: C:\Users\TrungNguyenTrung\.stmcufinder\plugins\mcufinder//mcu/cs/
2021-12-09 10:43:07,138 [WARN] DbFile:35 - Overriding database path with different value: C:\Users\TrungNguyenTrung\.stmcufinder\plugins\mcufinder/ => C:\Users\TrungNguyenTrung\.stmcufinder\plugins\mcufinder
2021-12-09 10:43:07,138 [INFO] DbExamplesSqlite:767 - Set database path to: C:\Users\TrungNguyenTrung\.stmcufinder\plugins\mcufinder//mcu/
2021-12-09 10:43:07,856 [INFO] MainPanel:214 - HeapMemory: 268435456
2021-12-09 10:43:09,177 [INFO] DbMcusXml:74 - Set database path to: C:\ST\STM32CubeIDE_1.7.0\STM32CubeIDE\plugins\com.st.stm32cube.common.mx_6.3.0.202107141111\\db\/mcu/
2021-12-09 10:43:09,177 [INFO] DbBoardsPdsc:56 - Set plugin database path to: C:\ST\STM32CubeIDE_1.7.0\STM32CubeIDE\plugins\com.st.stm32cube.common.mx_6.3.0.202107141111\\db\/plugins/boardmanager/
2021-12-09 10:43:09,177 [INFO] DbMcus:258 - Set plugin images path to: C:\ST\STM32CubeIDE_1.7.0\STM32CubeIDE\plugins\com.st.stm32cube.common.mx_6.3.0.202107141111\\db\/plugins/mcufinder/images/
2021-12-09 10:43:09,177 [INFO] DbBoards:264 - Set plugin images path to: C:\ST\STM32CubeIDE_1.7.0\STM32CubeIDE\plugins\com.st.stm32cube.common.mx_6.3.0.202107141111\\db\/plugins/mcufinder/images/
2021-12-09 10:43:09,185 [INFO] DbExamples:333 - Set plugin images path to: C:\ST\STM32CubeIDE_1.7.0\STM32CubeIDE\plugins\com.st.stm32cube.common.mx_6.3.0.202107141111\\db\/plugins/mcufinder/images/
2021-12-09 10:43:09,193 [WARN] DbFile:35 - Overriding database path with different value: C:\Users\TrungNguyenTrung\.stmcufinder\plugins\mcufinder/ => C:\Users\TrungNguyenTrung\.stmcufinder\plugins\mcufinder
2021-12-09 10:43:09,193 [INFO] DbMcusAds:119 - Set database path to: C:\Users\TrungNguyenTrung\.stmcufinder\plugins\mcufinder//mcu/
2021-12-09 10:43:09,193 [WARN] DbFile:35 - Overriding database path with different value: C:\Users\TrungNguyenTrung\.stmcufinder\plugins\mcufinder/ => C:\Users\TrungNguyenTrung\.stmcufinder\plugins\mcufinder
2021-12-09 10:43:09,193 [INFO] DbMcusDocs:110 - Set database path to: C:\Users\TrungNguyenTrung\.stmcufinder\plugins\mcufinder//mcu/
2021-12-09 10:43:09,193 [WARN] DbFile:35 - Overriding database path with different value: C:\Users\TrungNguyenTrung\.stmcufinder\plugins\mcufinder/ => C:\Users\TrungNguyenTrung\.stmcufinder\plugins\mcufinder
2021-12-09 10:43:09,193 [INFO] DbMcusJson:64 - Set database path to: C:\Users\TrungNguyenTrung\.stmcufinder\plugins\mcufinder//mcu/
2021-12-09 10:43:09,193 [WARN] DbFile:35 - Overriding database path with different value: C:\Users\TrungNguyenTrung\.stmcufinder\plugins\mcufinder/ => C:\Users\TrungNguyenTrung\.stmcufinder\plugins\mcufinder
2021-12-09 10:43:09,193 [INFO] DbBoardsDocs:110 - Set database path to: C:\Users\TrungNguyenTrung\.stmcufinder\plugins\mcufinder//mcu/
2021-12-09 10:43:09,193 [WARN] DbFile:35 - Overriding database path with different value: C:\Users\TrungNguyenTrung\.stmcufinder\plugins\mcufinder/ => C:\Users\TrungNguyenTrung\.stmcufinder\plugins\mcufinder
2021-12-09 10:43:09,193 [INFO] DbBoardsJson:57 - Set database path to: C:\Users\TrungNguyenTrung\.stmcufinder\plugins\mcufinder//mcu/
2021-12-09 10:43:09,193 [WARN] DbFile:35 - Overriding database path with different value: C:\Users\TrungNguyenTrung\.stmcufinder\plugins\mcufinder/ => C:\Users\TrungNguyenTrung\.stmcufinder\plugins\mcufinder
2021-12-09 10:43:09,193 [WARN] DbFile:35 - Overriding database path with different value: C:\Users\TrungNguyenTrung\.stmcufinder\plugins\mcufinder/ => C:\Users\TrungNguyenTrung\.stmcufinder\plugins\mcufinder
2021-12-09 10:43:09,193 [INFO] CrossReferenceDbSqlite:196 - Set database path to: C:\Users\TrungNguyenTrung\.stmcufinder\plugins\mcufinder//mcu/cs/
2021-12-09 10:43:09,193 [WARN] DbFile:35 - Overriding database path with different value: C:\Users\TrungNguyenTrung\.stmcufinder\plugins\mcufinder/ => C:\Users\TrungNguyenTrung\.stmcufinder\plugins\mcufinder
2021-12-09 10:43:09,193 [INFO] DbExamplesSqlite:767 - Set database path to: C:\Users\TrungNguyenTrung\.stmcufinder\plugins\mcufinder//mcu/
2021-12-09 10:43:09,385 [INFO] ApplicationProperties:181 - Using Application install path: C:\ST\STM32CubeIDE_1.7.0\STM32CubeIDE\plugins\com.st.stm32cube.common.mx_6.3.0.202107141111
2021-12-09 10:43:09,393 [INFO] PluginManage:188 - Search for loadable plugins [exclusion list=, ]
2021-12-09 10:43:09,529 [INFO] PluginManage:302 - Check plugin analytics
2021-12-09 10:43:09,960 [INFO] AnalyticsPlugin:257 - Accepted Software Licenses: 
2021-12-09 10:43:09,960 [INFO] AnalyticsPlugin:259 - Accepted CMSIS Pack Licenses: 
2021-12-09 10:43:09,960 [INFO] AnalyticsPlugin:261 - Accepted Firmware Licenses: 
2021-12-09 10:43:09,960 [INFO] PluginManage:352 - Loaded plugin analytics (category:tool,tabindex:-1)
2021-12-09 10:43:09,960 [INFO] PluginManage:302 - Check plugin clock
2021-12-09 10:43:10,041 [INFO] PluginManage:352 - Loaded plugin clock (category:base,tabindex:2)
2021-12-09 10:43:10,041 [INFO] PluginManage:302 - Check plugin ddr
2021-12-09 10:43:10,060 [INFO] PluginManage:352 - Loaded plugin ddr (category:tool,tabindex:6)
2021-12-09 10:43:10,060 [INFO] PluginManage:302 - Check plugin filemanager
2021-12-09 10:43:10,624 [INFO] PluginManage:352 - Loaded plugin filemanager (category:base,tabindex:10)
2021-12-09 10:43:10,624 [INFO] PluginManage:302 - Check plugin ipmanager
2021-12-09 10:43:10,706 [INFO] PluginManage:352 - Loaded plugin ipmanager (category:base,tabindex:5)
2021-12-09 10:43:10,706 [INFO] PluginManage:302 - Check plugin pinoutandconfiguration
2021-12-09 10:43:10,779 [INFO] PluginManage:352 - Loaded plugin pinoutandconfiguration (category:base,tabindex:1)
2021-12-09 10:43:10,779 [INFO] PluginManage:302 - Check plugin pinoutconfig
2021-12-09 10:43:10,928 [INFO] PluginManage:352 - Loaded plugin pinoutconfig (category:base,tabindex:0)
2021-12-09 10:43:10,928 [INFO] PluginManage:302 - Check plugin power
2021-12-09 10:43:11,022 [INFO] PluginManage:352 - Loaded plugin power (category:power,tabindex:4)
2021-12-09 10:43:11,022 [INFO] PluginManage:302 - Check plugin projectmanager
2021-12-09 10:43:11,075 [INFO] PluginManage:352 - Loaded plugin projectmanager (category:projectmanager,tabindex:3)
2021-12-09 10:43:11,075 [INFO] PluginManage:302 - Check plugin thirdparty
2021-12-09 10:43:11,558 [WARN] IntegrityCheckThread:78 - waiting for thirdparty lock release [integrity check]
2021-12-09 10:43:11,558 [INFO] PluginManage:352 - Loaded plugin thirdparty (category:base,tabindex:-1)
2021-12-09 10:43:11,558 [INFO] PluginManage:302 - Check plugin tools
2021-12-09 10:43:11,558 [INFO] IntegrityCheckThread:80 - entering critical section [integrity check]
2021-12-09 10:43:11,558 [INFO] ThirdPartyUpdaterWithRetryManager:66 - Updater plugin not ready yet. [1/15]
2021-12-09 10:43:11,574 [INFO] PluginManage:352 - Loaded plugin tools (category:base,tabindex:7)
2021-12-09 10:43:11,574 [INFO] PluginManage:302 - Check plugin tutovideos
2021-12-09 10:43:12,032 [INFO] PluginManage:352 - Loaded plugin tutovideos (category:base,tabindex:-1)
2021-12-09 10:43:12,032 [INFO] PluginManage:302 - Check plugin updater
2021-12-09 10:43:12,079 [INFO] PluginManage:352 - Loaded plugin updater (category:base,tabindex:12)
2021-12-09 10:43:12,079 [INFO] PluginManage:275 - PluginManage : Loaded plugins [13]
2021-12-09 10:43:13,082 [INFO] PinOutPanel:1463 - setPackage(No Configuration,No Configuration)
2021-12-09 10:43:13,441 [INFO] IPUIPlugin:74 - create IPUIPlugin
2021-12-09 10:43:13,441 [INFO] PluginManager:213 - loadIPPluginJar : add adc
2021-12-09 10:43:13,473 [INFO] IPUIPlugin:74 - create IPUIPlugin
2021-12-09 10:43:13,473 [INFO] PluginManager:213 - loadIPPluginJar : add aes
2021-12-09 10:43:13,488 [INFO] IPUIPlugin:74 - create IPUIPlugin
2021-12-09 10:43:13,488 [INFO] PluginManager:213 - loadIPPluginJar : add can
2021-12-09 10:43:13,519 [INFO] IPUIPlugin:74 - create IPUIPlugin
2021-12-09 10:43:13,519 [INFO] PluginManager:213 - loadIPPluginJar : add comp
2021-12-09 10:43:13,535 [INFO] IPUIPlugin:74 - create IPUIPlugin
2021-12-09 10:43:13,535 [INFO] PluginManager:213 - loadIPPluginJar : add cryp
2021-12-09 10:43:13,566 [INFO] IPUIPlugin:74 - create IPUIPlugin
2021-12-09 10:43:13,566 [INFO] PluginManager:213 - loadIPPluginJar : add dfsdm
2021-12-09 10:43:13,582 [INFO] IPUIPlugin:74 - create IPUIPlugin
2021-12-09 10:43:13,582 [INFO] PluginManager:213 - loadIPPluginJar : add dma
2021-12-09 10:43:13,598 [INFO] IPUIPlugin:74 - create IPUIPlugin
2021-12-09 10:43:13,598 [INFO] PluginManager:213 - loadIPPluginJar : add dma3
2021-12-09 10:43:13,613 [INFO] IPUIPlugin:74 - create IPUIPlugin
2021-12-09 10:43:13,613 [INFO] PluginManager:213 - loadIPPluginJar : add fatfs
2021-12-09 10:43:13,644 [INFO] IPUIPlugin:74 - create IPUIPlugin
2021-12-09 10:43:13,644 [INFO] PluginManager:213 - loadIPPluginJar : add fmc
2021-12-09 10:43:13,676 [INFO] IPUIPlugin:74 - create IPUIPlugin
2021-12-09 10:43:13,691 [INFO] PluginManager:213 - loadIPPluginJar : add freertos
2021-12-09 10:43:13,691 [INFO] IPUIPlugin:74 - create IPUIPlugin
2021-12-09 10:43:13,707 [INFO] PluginManager:213 - loadIPPluginJar : add genericplugin
2021-12-09 10:43:13,707 [INFO] IPUIPlugin:74 - create IPUIPlugin
2021-12-09 10:43:13,707 [INFO] PluginManager:213 - loadIPPluginJar : add gfxmmu
2021-12-09 10:43:13,738 [INFO] IPUIPlugin:74 - create IPUIPlugin
2021-12-09 10:43:13,738 [INFO] PluginManager:213 - loadIPPluginJar : add gic
2021-12-09 10:43:13,769 [INFO] IPUIPlugin:74 - create IPUIPlugin
2021-12-09 10:43:13,769 [INFO] PluginManager:213 - loadIPPluginJar : add gpio
2021-12-09 10:43:13,801 [INFO] IPUIPlugin:74 - create IPUIPlugin
2021-12-09 10:43:13,801 [INFO] PluginManager:213 - loadIPPluginJar : add gtzc
2021-12-09 10:43:13,816 [INFO] IPUIPlugin:74 - create IPUIPlugin
2021-12-09 10:43:13,816 [INFO] PluginManager:213 - loadIPPluginJar : add hash
2021-12-09 10:43:13,832 [INFO] IPUIPlugin:74 - create IPUIPlugin
2021-12-09 10:43:13,832 [INFO] PluginManager:213 - loadIPPluginJar : add i2c
2021-12-09 10:43:13,847 [INFO] IPUIPlugin:74 - create IPUIPlugin
2021-12-09 10:43:13,847 [INFO] PluginManager:213 - loadIPPluginJar : add i2s
2021-12-09 10:43:13,863 [INFO] IPUIPlugin:74 - create IPUIPlugin
2021-12-09 10:43:13,863 [INFO] PluginManager:213 - loadIPPluginJar : add ipddr
2021-12-09 10:43:13,894 [INFO] IPUIPlugin:74 - create IPUIPlugin
2021-12-09 10:43:13,894 [INFO] PluginManager:213 - loadIPPluginJar : add linkedlist
2021-12-09 10:43:13,926 [INFO] IPUIPlugin:74 - create IPUIPlugin
2021-12-09 10:43:13,926 [INFO] PluginManager:213 - loadIPPluginJar : add lorawan
2021-12-09 10:43:13,941 [INFO] IPUIPlugin:74 - create IPUIPlugin
2021-12-09 10:43:13,941 [INFO] PluginManager:213 - loadIPPluginJar : add ltdc
2021-12-09 10:43:13,972 [INFO] IPUIPlugin:74 - create IPUIPlugin
2021-12-09 10:43:13,972 [INFO] PluginManager:213 - loadIPPluginJar : add mdma
2021-12-09 10:43:14,019 [INFO] IPUIPlugin:74 - create IPUIPlugin
2021-12-09 10:43:14,035 [INFO] PluginManager:213 - loadIPPluginJar : add nvic
2021-12-09 10:43:14,035 [INFO] IPUIPlugin:74 - create IPUIPlugin
2021-12-09 10:43:14,035 [INFO] PluginManager:213 - loadIPPluginJar : add opamp
2021-12-09 10:43:14,061 [INFO] IPUIPlugin:74 - create IPUIPlugin
2021-12-09 10:43:14,061 [INFO] PluginManager:213 - loadIPPluginJar : add openamp
2021-12-09 10:43:14,086 [INFO] IPUIPlugin:74 - create IPUIPlugin
2021-12-09 10:43:14,086 [INFO] PluginManager:213 - loadIPPluginJar : add pdm2pcm
2021-12-09 10:43:14,118 [INFO] IPUIPlugin:74 - create IPUIPlugin
2021-12-09 10:43:14,118 [INFO] PluginManager:213 - loadIPPluginJar : add plateformsettings
2021-12-09 10:43:14,158 [INFO] IPUIPlugin:74 - create IPUIPlugin
2021-12-09 10:43:14,158 [INFO] PluginManager:213 - loadIPPluginJar : add quadspi
2021-12-09 10:43:14,182 [INFO] IPUIPlugin:74 - create IPUIPlugin
2021-12-09 10:43:14,182 [INFO] PluginManager:213 - loadIPPluginJar : add resmgrutility
2021-12-09 10:43:14,209 [INFO] IPUIPlugin:74 - create IPUIPlugin
2021-12-09 10:43:14,209 [INFO] PluginManager:213 - loadIPPluginJar : add sai
2021-12-09 10:43:14,241 [INFO] IPUIPlugin:74 - create IPUIPlugin
2021-12-09 10:43:14,241 [INFO] PluginManager:213 - loadIPPluginJar : add spi
2021-12-09 10:43:14,277 [INFO] IPUIPlugin:74 - create IPUIPlugin
2021-12-09 10:43:14,277 [INFO] PluginManager:213 - loadIPPluginJar : add stm32_wpan
2021-12-09 10:43:14,301 [INFO] IPUIPlugin:74 - create IPUIPlugin
2021-12-09 10:43:14,301 [INFO] PluginManager:213 - loadIPPluginJar : add tim
2021-12-09 10:43:14,302 [INFO] IPUIPlugin:74 - create IPUIPlugin
2021-12-09 10:43:14,302 [INFO] PluginManager:213 - loadIPPluginJar : add touchsensing
2021-12-09 10:43:14,326 [INFO] IPUIPlugin:74 - create IPUIPlugin
2021-12-09 10:43:14,326 [INFO] PluginManager:213 - loadIPPluginJar : add tracer_emb
2021-12-09 10:43:14,334 [INFO] IPUIPlugin:74 - create IPUIPlugin
2021-12-09 10:43:14,334 [INFO] PluginManager:213 - loadIPPluginJar : add ts
2021-12-09 10:43:14,342 [INFO] IPUIPlugin:74 - create IPUIPlugin
2021-12-09 10:43:14,342 [INFO] PluginManager:213 - loadIPPluginJar : add tsc
2021-12-09 10:43:14,358 [INFO] IPUIPlugin:74 - create IPUIPlugin
2021-12-09 10:43:14,358 [INFO] PluginManager:213 - loadIPPluginJar : add ucpd
2021-12-09 10:43:14,382 [INFO] IPUIPlugin:74 - create IPUIPlugin
2021-12-09 10:43:14,382 [INFO] PluginManager:213 - loadIPPluginJar : add usart
2021-12-09 10:43:14,390 [INFO] IPUIPlugin:74 - create IPUIPlugin
2021-12-09 10:43:14,390 [INFO] PluginManager:213 - loadIPPluginJar : add usbx
2021-12-09 10:43:14,562 [INFO] ThirdPartyUpdaterWithRetryManager:66 - Updater plugin not ready yet. [2/15]
2021-12-09 10:43:15,231 [FATAL] Updater:294 - Updater called before beeing initialized
2021-12-09 10:43:15,434 [FATAL] Updater:294 - Updater called before beeing initialized
2021-12-09 10:43:15,496 [INFO] DbMcusAds:47 - JSON generation date=Thu Sep 30 13:55:09 ICT 2021 (1632984909377)
2021-12-09 10:43:15,496 [FATAL] Updater:294 - Updater called before beeing initialized
2021-12-09 10:43:15,725 [WARN] DetailPanel:314 - Failed to get advertising image, set to default
2021-12-09 10:43:15,897 [FATAL] Updater:294 - Updater called before beeing initialized
2021-12-09 10:43:15,913 [FATAL] Updater:294 - Updater called before beeing initialized
2021-12-09 10:43:15,913 [FATAL] Updater:294 - Updater called before beeing initialized
2021-12-09 10:43:15,913 [WARN] DetailPanel:314 - Failed to get advertising image, set to default
2021-12-09 10:43:15,913 [FATAL] Updater:294 - Updater called before beeing initialized
2021-12-09 10:43:16,101 [ERROR] Updater:1075 - MainUpdater not yet initialized. External WinMGr cannot be set.
2021-12-09 10:43:16,116 [INFO] Updater:1012 - Updater Version found : 6.3.0
2021-12-09 10:43:16,178 [INFO] ApplicationProperties:181 - Using Application install path: C:\ST\STM32CubeIDE_1.7.0\STM32CubeIDE\plugins\com.st.stm32cube.common.mx_6.3.0.202107141111
2021-12-09 10:43:17,514 [INFO] MainUpdater:2671 - connection check result : 10
2021-12-09 10:43:17,522 [INFO] MainUpdater:265 - Updater Check For Update Now.
2021-12-09 10:43:17,522 [INFO] MicroXplorer:478 - Change Database Version : DB.6.0.30
2021-12-09 10:43:17,562 [WARN] MainUpdater:1122 - Updater busy. Cannot search thirdparties
2021-12-09 10:43:17,562 [INFO] ThirdPartyUpdaterWithRetryManager:92 - Updater plugin is busy. [1/15]
2021-12-09 10:43:17,745 [INFO] CheckServerUpdateThread:112 - End of CheckServer Thread
2021-12-09 10:43:17,839 [INFO] MainUpdater:2671 - connection check result : 10
2021-12-09 10:43:17,902 [INFO] McuFinderGlobals:52 - Set McuFinderConnectedMode to true
2021-12-09 10:43:18,425 [INFO] ServerAccessManage:362 - Download File mcusAds.json._tmp_
2021-12-09 10:43:18,550 [INFO] LoadUrlFilesThread:145 - End of LoadUrlFiles Thread
2021-12-09 10:43:19,438 [INFO] ServerAccessManage:362 - Download File mcusDocs.json._tmp_
2021-12-09 10:43:20,235 [INFO] LoadUrlFilesThread:145 - End of LoadUrlFiles Thread
2021-12-09 10:43:20,498 [INFO] ServerAccessManage:362 - Download File mcusFeaturesAndDescription.json._tmp_
2021-12-09 10:43:20,576 [WARN] MainUpdater:1122 - Updater busy. Cannot search thirdparties
2021-12-09 10:43:20,576 [INFO] ThirdPartyUpdaterWithRetryManager:92 - Updater plugin is busy. [2/15]
2021-12-09 10:43:22,733 [INFO] LoadUrlFilesThread:145 - End of LoadUrlFiles Thread
2021-12-09 10:43:23,024 [INFO] ServerAccessManage:362 - Download File boardsDocs.json._tmp_
2021-12-09 10:43:23,165 [INFO] LoadUrlFilesThread:145 - End of LoadUrlFiles Thread
2021-12-09 10:43:23,395 [INFO] ServerAccessManage:362 - Download File boards.json._tmp_
2021-12-09 10:43:23,583 [WARN] MainUpdater:1122 - Updater busy. Cannot search thirdparties
2021-12-09 10:43:23,583 [INFO] ThirdPartyUpdaterWithRetryManager:92 - Updater plugin is busy. [3/15]
2021-12-09 10:43:23,646 [INFO] LoadUrlFilesThread:145 - End of LoadUrlFiles Thread
2021-12-09 10:43:24,051 [INFO] ServerAccessManage:362 - Download File cube-finder-db.zip
2021-12-09 10:43:26,598 [WARN] MainUpdater:1122 - Updater busy. Cannot search thirdparties
2021-12-09 10:43:26,598 [INFO] ThirdPartyUpdaterWithRetryManager:92 - Updater plugin is busy. [4/15]
2021-12-09 10:43:27,208 [INFO] FileExtend:235 - Unzip File : cube-finder-db.zip
2021-12-09 10:43:27,208 [INFO] FileExtend:250 - Standard Zip Deflate
2021-12-09 10:43:28,223 [INFO] LoadUrlFilesThread:145 - End of LoadUrlFiles Thread
2021-12-09 10:43:29,467 [INFO] ServerAccessManage:362 - Download File crdb.zip
2021-12-09 10:43:29,608 [WARN] MainUpdater:1122 - Updater busy. Cannot search thirdparties
2021-12-09 10:43:29,608 [INFO] ThirdPartyUpdaterWithRetryManager:92 - Updater plugin is busy. [5/15]
2021-12-09 10:43:32,608 [WARN] MainUpdater:1122 - Updater busy. Cannot search thirdparties
2021-12-09 10:43:32,608 [INFO] ThirdPartyUpdaterWithRetryManager:92 - Updater plugin is busy. [6/15]
2021-12-09 10:43:34,343 [INFO] FileExtend:235 - Unzip File : crdb.zip
2021-12-09 10:43:34,343 [INFO] FileExtend:250 - Standard Zip Deflate
2021-12-09 10:43:34,780 [INFO] LoadUrlFilesThread:145 - End of LoadUrlFiles Thread
2021-12-09 10:43:35,312 [INFO] ServerAccessManage:362 - Download File tutoVideoDB.zip
2021-12-09 10:43:35,609 [WARN] MainUpdater:1122 - Updater busy. Cannot search thirdparties
2021-12-09 10:43:35,609 [INFO] ThirdPartyUpdaterWithRetryManager:92 - Updater plugin is busy. [7/15]
2021-12-09 10:43:35,640 [INFO] FileExtend:235 - Unzip File : tutoVideoDB.zip
2021-12-09 10:43:35,640 [INFO] FileExtend:250 - Standard Zip Deflate
2021-12-09 10:43:35,750 [INFO] LoadUrlFilesThread:145 - End of LoadUrlFiles Thread
2021-12-09 10:43:35,750 [INFO] DbMcusAds:47 - JSON generation date=Thu Sep 30 13:55:09 ICT 2021 (1632984909377)
2021-12-09 10:43:35,796 [INFO] DbMcusDocs:143 - JSON generation date=Tue Nov 16 23:17:54 ICT 2021 (1637079474)
2021-12-09 10:43:35,812 [INFO] DbMcusXml:100 - Load MCU database from C:\ST\STM32CubeIDE_1.7.0\STM32CubeIDE\plugins\com.st.stm32cube.common.mx_6.3.0.202107141111\\db\/mcu/families.xml
2021-12-09 10:43:37,187 [INFO] DbMcusJson:93 - JSON generation date=Tue Nov 16 23:17:54 ICT 2021 (1637079474)
2021-12-09 10:43:38,187 [INFO] DbMcus:175 - Found 1951 MCUs (1903 are supported by CubeMX, 1914 are visible in CubeMX)
2021-12-09 10:43:38,218 [INFO] ApiDb:251 - Load user favorites file C:\Users\TrungNguyenTrung/.stm32cubeide/favorites.mcus.txt: 0 item(s)
2021-12-09 10:43:38,218 [INFO] ApiDb:255 - User favorites MCUs=[]
2021-12-09 10:43:38,218 [INFO] DbMcus:187 - Set 0 / 0 favorites MCUs
2021-12-09 10:43:39,047 [INFO] DbMcusDocs:79 - Found 682 MCUs documents
2021-12-09 10:43:39,047 [INFO] ApiDb:276 - Save user favorites file C:\Users\TrungNguyenTrung/.stm32cubeide/favorites.mcus.txt: 0 item(s)
2021-12-09 10:43:39,047 [INFO] ApiDb:280 - User favorites MCUs=[]
2021-12-09 10:43:39,047 [INFO] DbMcusXml:100 - Load MCU database from C:\ST\STM32CubeIDE_1.7.0\STM32CubeIDE\plugins\com.st.stm32cube.common.mx_6.3.0.202107141111\\db\/mcu/families.xml
2021-12-09 10:43:40,187 [WARN] PackLoader:238 - Cannot read IP mode file for STMicroelectronics.X-CUBE-AZRTOS-H7.1.1.0
2021-12-09 10:43:40,234 [WARN] PackLoader:238 - Cannot read IP mode file for STMicroelectronics.X-CUBE-BLE1.6.2.1
2021-12-09 10:43:40,250 [WARN] PackLoader:238 - Cannot read IP mode file for STMicroelectronics.X-CUBE-BLE1.6.2.2
2021-12-09 10:43:40,266 [WARN] PackLoader:238 - Cannot read IP mode file for STMicroelectronics.X-CUBE-BLE2.3.2.1
2021-12-09 10:43:40,281 [WARN] PackLoader:238 - Cannot read IP mode file for STMicroelectronics.X-CUBE-BLE2.3.2.2
2021-12-09 10:43:40,297 [WARN] PackLoader:238 - Cannot read IP mode file for STMicroelectronics.X-CUBE-NFC4.2.0.3
2021-12-09 10:43:40,344 [WARN] PackLoader:238 - Cannot read IP mode file for wolfSSL.I-CUBE-wolfSSL.4.8.0
2021-12-09 10:43:40,391 [WARN] PackLoader:238 - Cannot read IP mode file for STMicroelectronics.X-CUBE-SFXS2LP1.3.1.0
2021-12-09 10:43:40,437 [INFO] DbMcusJson:93 - JSON generation date=Tue Nov 16 23:17:54 ICT 2021 (1637079474)
2021-12-09 10:43:40,437 [WARN] PackLoader:238 - Cannot read IP mode file for STMicroelectronics.X-CUBE-AZRTOS-F4.1.0.0
2021-12-09 10:43:40,469 [WARN] PackLoader:238 - Cannot read IP mode file for STMicroelectronics.X-CUBE-TOF1.2.0.0
2021-12-09 10:43:40,500 [WARN] PackLoader:238 - Cannot read IP mode file for STMicroelectronics.X-CUBE-SUBG2.4.2.0
2021-12-09 10:43:40,531 [WARN] PackLoader:238 - Cannot read IP mode file for STMicroelectronics.X-CUBE-ALGOBUILD.1.2.1
2021-12-09 10:43:40,547 [WARN] PackLoader:238 - Cannot read IP mode file for STMicroelectronics.X-CUBE-DISPLAY.1.0.0
2021-12-09 10:43:40,687 [WARN] PackLoader:238 - Cannot read IP mode file for STMicroelectronics.X-CUBE-TOUCHGFX.4.18.0
2021-12-09 10:43:40,719 [WARN] PackLoader:238 - Cannot read IP mode file for RoweBots.I-CUBE-UNISONRTOS.5.5.0-4
2021-12-09 10:43:40,781 [WARN] PackLoader:238 - Cannot read IP mode file for STMicroelectronics.X-CUBE-MEMS1.9.0.0
2021-12-09 10:43:41,297 [WARN] PackLoader:238 - Cannot read IP mode file for SEGGER.I-CUBE-embOS.1.2.0
2021-12-09 10:43:41,375 [WARN] PackLoader:238 - Cannot read IP mode file for STMicroelectronics.X-CUBE-TOUCHGFX.4.17.0
2021-12-09 10:43:41,438 [WARN] PackLoader:238 - Cannot read IP mode file for STMicroelectronics.X-CUBE-AZRTOS-H7.2.0.0
2021-12-09 10:43:41,500 [WARN] PackLoader:238 - Cannot read IP mode file for STMicroelectronics.X-CUBE-AZRTOS-G4.1.0.0
2021-12-09 10:43:41,547 [INFO] DbMcus:175 - Found 1951 MCUs (1903 are supported by CubeMX, 1914 are visible in CubeMX)
2021-12-09 10:43:41,547 [INFO] ApiDb:251 - Load user favorites file C:\Users\TrungNguyenTrung/.stm32cubeide/favorites.mcus.txt: 0 item(s)
2021-12-09 10:43:41,547 [INFO] ApiDb:255 - User favorites MCUs=[]
2021-12-09 10:43:41,547 [INFO] DbMcus:187 - Set 0 / 0 favorites MCUs
2021-12-09 10:43:41,547 [WARN] PackLoader:238 - Cannot read IP mode file for STMicroelectronics.X-CUBE-AZRTOS-L4.1.0.0
2021-12-09 10:43:41,563 [INFO] DbBoardsDocs:143 - JSON generation date=Tue Nov 16 23:17:54 ICT 2021 (1637079474)
2021-12-09 10:43:41,594 [WARN] PackLoader:238 - Cannot read IP mode file for STMicroelectronics.X-CUBE-AZRTOS-F7.1.0.0
2021-12-09 10:43:41,625 [INFO] DbBoardsPdsc:90 - Found 25 items
2021-12-09 10:43:41,656 [INFO] DbBoardsPdsc:90 - Found 9 items
2021-12-09 10:43:41,672 [INFO] DbBoardsPdsc:90 - Found 33 items
2021-12-09 10:43:41,672 [WARN] PackLoader:238 - Cannot read IP mode file for STMicroelectronics.X-CUBE-MEMS1.9.1.0
2021-12-09 10:43:41,672 [INFO] DbBoardsPdsc:90 - Found 1 items
2021-12-09 10:43:41,703 [INFO] DbBoardsPdsc:90 - Found 48 items
2021-12-09 10:43:41,734 [INFO] DbBoardsPdsc:90 - Found 43 items
2021-12-09 10:43:41,734 [INFO] DbBoardsPdsc:90 - Found 2 items
2021-12-09 10:43:41,734 [INFO] DbBoardsPdsc:90 - Found 5 items
2021-12-09 10:43:41,750 [WARN] DbBoardsPdsc:254 - Board STM32H7B3I-DK: unknown feature type=Audio, name=, username=Audio stereo codec with Headphone Amp (CS42L51-CNZ), n=1
2021-12-09 10:43:41,750 [WARN] DbBoardsPdsc:254 - Board STM32H735G-DK: unknown feature type=Audio, name=, username=Audio stereo codec with Headphone Amp (WM8994ECS/R), n=1
2021-12-09 10:43:41,750 [WARN] DbBoardsPdsc:254 - Board STM32H7B3I-EVAL: unknown feature type=Audio, name=, username=Multi-Channel Audio Codec (CS42L51-CNZ), n=1
2021-12-09 10:43:41,750 [WARN] DbBoardsPdsc:254 - Board STM32H7B3I-EVAL: unknown feature type=Meter, name=, username=Power-metering and Temperature-monitoring with sigma-delta modulators, n=1
2021-12-09 10:43:41,750 [WARN] DbBoardsPdsc:254 - Board STM32H7B3I-EVAL: unknown feature type=Motor, name=, username=Motor Control, n=1
2021-12-09 10:43:41,750 [WARN] DbBoardsPdsc:254 - Board STM32U575I-EV: unknown feature type=joystick, name=, username=4-direction joystick with selection button, n=1
2021-12-09 10:43:41,781 [INFO] DbBoardsJson:86 - JSON generation date=Tue Nov 16 23:17:54 ICT 2021 (1637079474)
2021-12-09 10:43:41,797 [INFO] DbBoards:117 - Found 167 boards (163 are supported by CubeMX)
2021-12-09 10:43:41,797 [INFO] DbBoardsDocs:143 - JSON generation date=Tue Nov 16 23:17:54 ICT 2021 (1637079474)
2021-12-09 10:43:41,797 [INFO] DbBoardsDocs:79 - Found 209 boards documents
2021-12-09 10:43:41,797 [WARN] DbBoards:127 - board B-L475E-IOT01A2 has no document id list !
2021-12-09 10:43:41,797 [WARN] DbBoards:127 - board NUCLEO-H743ZI has no document id list !
2021-12-09 10:43:41,797 [WARN] DbBoards:127 - board NUCLEO-WL55JC2 has no document id list !
2021-12-09 10:43:41,797 [WARN] DbBoards:127 - board P-NUCLEO-WB55-Nucleo has no document id list !
2021-12-09 10:43:41,797 [WARN] DbBoards:127 - board P-NUCLEO-WB55-USBDongle has no document id list !
2021-12-09 10:43:41,797 [WARN] DbBoards:127 - board STEVAL-BFA001V1B has no document id list !
2021-12-09 10:43:41,797 [WARN] DbBoards:127 - board STEVAL-BFA001V2B has no document id list !
2021-12-09 10:43:41,797 [WARN] DbBoards:127 - board STEVAL-IDP005V1 has no document id list !
2021-12-09 10:43:41,797 [WARN] DbBoards:127 - board STEVAL-IDP005V2 has no document id list !
2021-12-09 10:43:41,797 [WARN] DbBoards:127 - board STEVAL-MKSBOX1V1 has no document id list !
2021-12-09 10:43:41,797 [WARN] DbBoards:127 - board STEVAL-STWINKT1 has no document id list !
2021-12-09 10:43:41,797 [WARN] DbBoards:127 - board STEVAL-STWINKT1B has no document id list !
2021-12-09 10:43:41,797 [WARN] DbBoards:127 - board STM32439I-EVAL2 has no document id list !
2021-12-09 10:43:41,813 [WARN] DbBoards:127 - board STM32F401C-DISCO has no document id list !
2021-12-09 10:43:41,813 [WARN] DbBoards:127 - board STM32F769I-DISC1 has no document id list !
2021-12-09 10:43:41,813 [WARN] DbBoards:127 - board STM32G474E-EVAL1 has no document id list !
2021-12-09 10:43:41,813 [WARN] DbBoards:127 - board STM32H743I-EVAL2 has no document id list !
2021-12-09 10:43:41,813 [WARN] DbBoards:127 - board STM32H747I-DISC1 has no document id list !
2021-12-09 10:43:41,813 [WARN] DbBoards:127 - board STM32H753I-EVAL2 has no document id list !
2021-12-09 10:43:41,813 [WARN] DbBoards:127 - board STM32L-DISCOVERY has no document id list !
2021-12-09 10:43:42,172 [WARN] PackLoader:238 - Cannot read IP mode file for STMicroelectronics.X-CUBE-ALS.1.0.1
2021-12-09 10:43:42,203 [WARN] PackLoader:238 - Cannot read IP mode file for STMicroelectronics.X-CUBE-AI.7.0.0
2021-12-09 10:43:42,297 [WARN] PackLoader:238 - Cannot read IP mode file for STMicroelectronics.X-CUBE-AZRTOS-L5.1.0.0
2021-12-09 10:43:42,391 [WARN] PackLoader:238 - Cannot read IP mode file for STMicroelectronics.X-CUBE-EEPRMA1.3.1.0
2021-12-09 10:43:42,422 [WARN] PackLoader:238 - Cannot read IP mode file for STMicroelectronics.X-CUBE-GNSS1.5.2.0
2021-12-09 10:43:42,438 [WARN] PackLoader:238 - Cannot read IP mode file for STMicroelectronics.X-CUBE-DISPLAY.2.0.0
2021-12-09 10:43:42,438 [INFO] ThirdParty:915 - Integrity check success = true
2021-12-09 10:43:42,438 [INFO] IntegrityCheckThread:94 - exiting critical section [integrity check]
2021-12-09 10:43:42,438 [INFO] IntegrityCheckThread:97 - End integrity checks thread
2021-12-09 10:43:42,610 [ERROR] DbBoards:189 - Image file not found for board B-U585I-IOT02A: C:\ST\STM32CubeIDE_1.7.0\STM32CubeIDE\plugins\com.st.stm32cube.common.mx_6.3.0.202107141111\\db\/plugins/mcufinder/images/boards/B-U585I-IOT02A_small.jpg
2021-12-09 10:43:42,813 [ERROR] DbBoards:189 - Image file not found for board NUCLEO-F413ZH: C:\ST\STM32CubeIDE_1.7.0\STM32CubeIDE\plugins\com.st.stm32cube.common.mx_6.3.0.202107141111\\db\/plugins/mcufinder/images/boards/nucleo-f413zh_small.jpg
2021-12-09 10:43:43,078 [ERROR] DbBoards:189 - Image file not found for board NUCLEO-L552ZE-Q: C:\ST\STM32CubeIDE_1.7.0\STM32CubeIDE\plugins\com.st.stm32cube.common.mx_6.3.0.202107141111\\db\/plugins/mcufinder/images/boards/nucleo_l552ze_q_small.jpg
2021-12-09 10:43:43,078 [ERROR] DbBoards:189 - Image file not found for board NUCLEO-U575ZI-Q: C:\ST\STM32CubeIDE_1.7.0\STM32CubeIDE\plugins\com.st.stm32cube.common.mx_6.3.0.202107141111\\db\/plugins/mcufinder/images/boards/nucleo-u575zi-q_small.jpg
2021-12-09 10:43:43,078 [ERROR] DbBoards:189 - Image file not found for board NUCLEO-WB15CC: C:\ST\STM32CubeIDE_1.7.0\STM32CubeIDE\plugins\com.st.stm32cube.common.mx_6.3.0.202107141111\\db\/plugins/mcufinder/images/boards/nucleo-wb15cc_small.jpg
2021-12-09 10:43:43,078 [ERROR] DbBoards:189 - Image file not found for board NUCLEO-WB55RG: C:\ST\STM32CubeIDE_1.7.0\STM32CubeIDE\plugins\com.st.stm32cube.common.mx_6.3.0.202107141111\\db\/plugins/mcufinder/images/boards/nucleo-wb55rg_small.jpg
2021-12-09 10:43:46,376 [INFO] ApiDb:251 - Load user favorites file C:\Users\TrungNguyenTrung/.stm32cubeide/favorites.boards.txt: 1 item(s)
2021-12-09 10:43:46,376 [INFO] ApiDb:255 - User favorites Boards=[NUCLEO-F401RE]
2021-12-09 10:43:46,376 [INFO] DbBoards:206 - Set 1 / 1 favorites Boards
2021-12-09 10:43:46,391 [INFO] DbBoardsDocs:79 - Found 418 boards documents
2021-12-09 10:43:46,391 [INFO] ApiDb:276 - Save user favorites file C:\Users\TrungNguyenTrung/.stm32cubeide/favorites.boards.txt: 1 item(s)
2021-12-09 10:43:46,391 [INFO] ApiDb:280 - User favorites Boards=[NUCLEO-F401RE]
2021-12-09 10:43:46,391 [INFO] DbBoardsPdsc:90 - Found 25 items
2021-12-09 10:43:46,391 [INFO] DbBoardsPdsc:90 - Found 9 items
2021-12-09 10:43:46,391 [INFO] DbBoardsPdsc:90 - Found 33 items
2021-12-09 10:43:46,391 [INFO] DbBoardsPdsc:90 - Found 1 items
2021-12-09 10:43:46,407 [INFO] DbBoardsPdsc:90 - Found 48 items
2021-12-09 10:43:46,407 [INFO] DbBoardsPdsc:90 - Found 43 items
2021-12-09 10:43:46,407 [INFO] DbBoardsPdsc:90 - Found 2 items
2021-12-09 10:43:46,422 [INFO] DbBoardsPdsc:90 - Found 5 items
2021-12-09 10:43:46,422 [WARN] DbBoardsPdsc:254 - Board STM32H7B3I-DK: unknown feature type=Audio, name=, username=Audio stereo codec with Headphone Amp (CS42L51-CNZ), n=1
2021-12-09 10:43:46,422 [WARN] DbBoardsPdsc:254 - Board STM32H735G-DK: unknown feature type=Audio, name=, username=Audio stereo codec with Headphone Amp (WM8994ECS/R), n=1
2021-12-09 10:43:46,422 [WARN] DbBoardsPdsc:254 - Board STM32H7B3I-EVAL: unknown feature type=Audio, name=, username=Multi-Channel Audio Codec (CS42L51-CNZ), n=1
2021-12-09 10:43:46,422 [WARN] DbBoardsPdsc:254 - Board STM32H7B3I-EVAL: unknown feature type=Meter, name=, username=Power-metering and Temperature-monitoring with sigma-delta modulators, n=1
2021-12-09 10:43:46,422 [WARN] DbBoardsPdsc:254 - Board STM32H7B3I-EVAL: unknown feature type=Motor, name=, username=Motor Control, n=1
2021-12-09 10:43:46,422 [WARN] DbBoardsPdsc:254 - Board STM32U575I-EV: unknown feature type=joystick, name=, username=4-direction joystick with selection button, n=1
2021-12-09 10:43:46,454 [INFO] DbBoardsJson:86 - JSON generation date=Tue Nov 16 23:17:54 ICT 2021 (1637079474)
2021-12-09 10:43:46,454 [INFO] DbBoards:117 - Found 167 boards (163 are supported by CubeMX)
2021-12-09 10:43:46,454 [WARN] DbBoards:127 - board B-L475E-IOT01A2 has no document id list !
2021-12-09 10:43:46,454 [WARN] DbBoards:127 - board NUCLEO-H743ZI has no document id list !
2021-12-09 10:43:46,454 [WARN] DbBoards:127 - board NUCLEO-WL55JC2 has no document id list !
2021-12-09 10:43:46,454 [WARN] DbBoards:127 - board P-NUCLEO-WB55-Nucleo has no document id list !
2021-12-09 10:43:46,454 [WARN] DbBoards:127 - board P-NUCLEO-WB55-USBDongle has no document id list !
2021-12-09 10:43:46,454 [WARN] DbBoards:127 - board STEVAL-BFA001V1B has no document id list !
2021-12-09 10:43:46,454 [WARN] DbBoards:127 - board STEVAL-BFA001V2B has no document id list !
2021-12-09 10:43:46,454 [WARN] DbBoards:127 - board STEVAL-IDP005V1 has no document id list !
2021-12-09 10:43:46,454 [WARN] DbBoards:127 - board STEVAL-IDP005V2 has no document id list !
2021-12-09 10:43:46,454 [WARN] DbBoards:127 - board STEVAL-MKSBOX1V1 has no document id list !
2021-12-09 10:43:46,454 [WARN] DbBoards:127 - board STEVAL-STWINKT1 has no document id list !
2021-12-09 10:43:46,454 [WARN] DbBoards:127 - board STEVAL-STWINKT1B has no document id list !
2021-12-09 10:43:46,454 [WARN] DbBoards:127 - board STM32439I-EVAL2 has no document id list !
2021-12-09 10:43:46,454 [WARN] DbBoards:127 - board STM32F401C-DISCO has no document id list !
2021-12-09 10:43:46,454 [WARN] DbBoards:127 - board STM32F769I-DISC1 has no document id list !
2021-12-09 10:43:46,454 [WARN] DbBoards:127 - board STM32G474E-EVAL1 has no document id list !
2021-12-09 10:43:46,454 [WARN] DbBoards:127 - board STM32H743I-EVAL2 has no document id list !
2021-12-09 10:43:46,454 [WARN] DbBoards:127 - board STM32H747I-DISC1 has no document id list !
2021-12-09 10:43:46,454 [WARN] DbBoards:127 - board STM32H753I-EVAL2 has no document id list !
2021-12-09 10:43:46,454 [WARN] DbBoards:127 - board STM32L-DISCOVERY has no document id list !
2021-12-09 10:43:46,594 [ERROR] DbBoards:189 - Image file not found for board B-U585I-IOT02A: C:\ST\STM32CubeIDE_1.7.0\STM32CubeIDE\plugins\com.st.stm32cube.common.mx_6.3.0.202107141111\\db\/plugins/mcufinder/images/boards/B-U585I-IOT02A_small.jpg
2021-12-09 10:43:46,704 [ERROR] DbBoards:189 - Image file not found for board NUCLEO-F413ZH: C:\ST\STM32CubeIDE_1.7.0\STM32CubeIDE\plugins\com.st.stm32cube.common.mx_6.3.0.202107141111\\db\/plugins/mcufinder/images/boards/nucleo-f413zh_small.jpg
2021-12-09 10:43:46,969 [ERROR] DbBoards:189 - Image file not found for board NUCLEO-L552ZE-Q: C:\ST\STM32CubeIDE_1.7.0\STM32CubeIDE\plugins\com.st.stm32cube.common.mx_6.3.0.202107141111\\db\/plugins/mcufinder/images/boards/nucleo_l552ze_q_small.jpg
2021-12-09 10:43:46,969 [ERROR] DbBoards:189 - Image file not found for board NUCLEO-U575ZI-Q: C:\ST\STM32CubeIDE_1.7.0\STM32CubeIDE\plugins\com.st.stm32cube.common.mx_6.3.0.202107141111\\db\/plugins/mcufinder/images/boards/nucleo-u575zi-q_small.jpg
2021-12-09 10:43:46,969 [ERROR] DbBoards:189 - Image file not found for board NUCLEO-WB15CC: C:\ST\STM32CubeIDE_1.7.0\STM32CubeIDE\plugins\com.st.stm32cube.common.mx_6.3.0.202107141111\\db\/plugins/mcufinder/images/boards/nucleo-wb15cc_small.jpg
2021-12-09 10:43:46,969 [ERROR] DbBoards:189 - Image file not found for board NUCLEO-WB55RG: C:\ST\STM32CubeIDE_1.7.0\STM32CubeIDE\plugins\com.st.stm32cube.common.mx_6.3.0.202107141111\\db\/plugins/mcufinder/images/boards/nucleo-wb55rg_small.jpg
2021-12-09 10:43:48,032 [INFO] ApiDb:251 - Load user favorites file C:\Users\TrungNguyenTrung/.stm32cubeide/favorites.boards.txt: 1 item(s)
2021-12-09 10:43:48,032 [INFO] ApiDb:255 - User favorites Boards=[NUCLEO-F401RE]
2021-12-09 10:43:48,032 [INFO] DbBoards:206 - Set 1 / 1 favorites Boards
2021-12-09 10:43:48,063 [INFO] LoadUrlFilesThread:172 - End of LoadServerUrlFiles without Thread
2021-12-09 10:43:48,063 [INFO] TargetSelectorAdapter:224 - Refresh data is successful
2021-12-09 10:43:48,235 [INFO] ApiDb:479 - Connected to CubeFinder SQLite database (C:\Users\TrungNguyenTrung\.stmcufinder\plugins\mcufinder\mcu\cube-finder-db.db)
2021-12-09 10:43:49,313 [INFO] DbExamplesSqlite:411 - Ignored 16 examples not supported by CubeIDE
2021-12-09 10:43:49,313 [INFO] DbExamplesSqlite:412 - Found 5811 examples active
2021-12-09 10:43:49,313 [INFO] DbExamplesSqlite:413 - Found 0 examples obsolete
2021-12-09 10:43:49,313 [INFO] DbExamplesSqlite:414 - Found 0 examples under development
2021-12-09 10:43:49,313 [INFO] DbExamplesSqlite:415 - Found 83 examples not building
2021-12-09 10:43:49,345 [INFO] DbExamplesSqlite:108 - CubeFinder database Data Model version=2.1
2021-12-09 10:43:49,345 [INFO] DbExamplesSqlite:109 - CubeFinder database Configuration version=3.0.14
2021-12-09 10:43:49,345 [INFO] DbExamplesSqlite:110 - CubeFinder database generation date=2021-10-26 (1635247417)
2021-12-09 10:43:49,345 [INFO] DbExamplesSqlite:111 - CubeFinder database FW Pack versions=[STM32Cube_FW_F4_V1.26.2, STM32Cube_FW_F7_V1.16.1, STM32Cube_FW_G0_V1.5.0, STM32Cube_FW_G4_V1.4.0, STM32Cube_FW_H7_V1.9.0, STM32Cube_FW_L5_V1.4.0, STM32Cube_FW_U5_V1.0.2, STM32Cube_FW_WB_V1.12.1, STM32Cube_FW_WL_V1.1.0, X-CUBE-ALS_V1.0.1, X-CUBE-AZRTOS-F4_V1.0.0, X-CUBE-AZRTOS-H7_V2.0.0, X-CUBE-AZRTOS-L4_V1.0.0, X-CUBE-BLE1_V6.2.1, X-CUBE-BLE2_V3.2.1, X-CUBE-EEPRMA1_V3.1.0, X-CUBE-GNSS1_V5.2.0, X-CUBE-NFC4_V2.0.3, X-CUBE-SFXS2LP1_V3.1.0, X-CUBE-SUBG2_V4.2.0]
2021-12-09 10:43:49,345 [INFO] DbExamples:130 - Found 5878 examples
2021-12-09 10:43:50,113 [ERROR] DbExamples:206 - Found 5878 examples with invalid data (board or MCU)
2021-12-09 10:43:50,113 [INFO] DbExamples:222 - Found 74 boards with related examples
2021-12-09 10:43:50,113 [INFO] DbExamples:235 - Found 0 MCUs with related examples
2021-12-09 10:43:50,137 [INFO] ApiDb:242 - User favorites file not found: C:\Users\TrungNguyenTrung/.stm32cubeide/favorites.examples.txt
2021-12-09 10:43:50,137 [INFO] DbExamples:256 - Set 0 / 0 favorites Examples
2021-12-09 10:43:50,859 [INFO] McuFinderGlobals:52 - Set McuFinderConnectedMode to false
2021-12-09 10:43:51,094 [INFO] CrossSelectorPresenter:1330 - Cross Selector saved comparison directory: C:\Users\TrungNguyenTrung\.stmcufinder\plugins\mcufinder\mcu\cs_comparisons_mx
2021-12-09 10:43:51,125 [INFO] MultiScanPanel:197 - Auto-refresh data requested => check proxy status ongoing
2021-12-09 10:43:51,125 [INFO] MultiScanPanel:201 - Proxy status is invalid
2021-12-09 10:43:51,140 [INFO] FinderPluginLoader:87 - Searching for filters in installed packs
2021-12-09 10:43:52,109 [INFO] DetailPanel:309 - Set advertising image to C:/Users/TrungNguyenTrung/STM32Cube/Repository/\en.Prom_NBSTM32U50921.jpg
2021-12-09 10:43:58,862 [INFO] MultiScanPanel:197 - Auto-refresh data requested => check proxy status ongoing
2021-12-09 10:43:58,862 [INFO] MultiScanPanel:201 - Proxy status is invalid
2021-12-09 10:43:58,972 [INFO] DetailPanel:309 - Set advertising image to C:/Users/TrungNguyenTrung/STM32Cube/Repository/\en.Prom_NBSTM32U50921.jpg
2021-12-09 10:44:43,906 [INFO] McuFinderGlobals:52 - Set McuFinderConnectedMode to true
2021-12-09 10:44:43,906 [INFO] ApiDb:276 - Save user favorites file C:\Users\TrungNguyenTrung/.stm32cubeide/favorites.mcus.txt: 0 item(s)
2021-12-09 10:44:43,906 [INFO] ApiDb:280 - User favorites MCUs=[]
2021-12-09 10:44:43,906 [INFO] ApiDb:276 - Save user favorites file C:\Users\TrungNguyenTrung/.stm32cubeide/favorites.boards.txt: 1 item(s)
2021-12-09 10:44:43,906 [INFO] ApiDb:280 - User favorites Boards=[NUCLEO-F401RE]
2021-12-09 17:43:55,745 [INFO] MainUpdater:2671 - connection check result : 10
2021-12-09 17:43:56,094 [INFO] McuFinderGlobals:52 - Set McuFinderConnectedMode to false
2021-12-09 17:43:56,314 [INFO] CrossSelectorPresenter:1330 - Cross Selector saved comparison directory: C:\Users\TrungNguyenTrung\.stmcufinder\plugins\mcufinder\mcu\cs_comparisons_mx
2021-12-09 17:43:56,334 [INFO] MultiScanPanel:197 - Auto-refresh data requested => check proxy status ongoing
2021-12-09 17:43:56,334 [INFO] MultiScanPanel:201 - Proxy status is invalid
2021-12-09 17:43:56,334 [INFO] FinderPluginLoader:87 - Searching for filters in installed packs
2021-12-09 17:43:57,247 [INFO] DetailPanel:309 - Set advertising image to C:/Users/TrungNguyenTrung/STM32Cube/Repository/\en.Prom_NBSTM32U50921.jpg
2021-12-09 17:44:01,008 [INFO] MultiScanPanel:197 - Auto-refresh data requested => check proxy status ongoing
2021-12-09 17:44:01,008 [INFO] MultiScanPanel:201 - Proxy status is invalid
2021-12-09 17:44:01,290 [INFO] DetailPanel:309 - Set advertising image to C:/Users/TrungNguyenTrung/STM32Cube/Repository/\en.Prom_NBSTM32U50921.jpg
2021-12-09 17:44:01,642 [INFO] MultiScanPanel:197 - Auto-refresh data requested => check proxy status ongoing
2021-12-09 17:44:01,642 [INFO] MultiScanPanel:201 - Proxy status is invalid
2021-12-09 17:44:01,771 [INFO] ApiDb:479 - Connected to CubeFinder SQLite database (C:\Users\TrungNguyenTrung\.stmcufinder\plugins\mcufinder\mcu\cube-finder-db.db)
2021-12-09 17:44:03,980 [INFO] DbExamplesSqlite:411 - Ignored 16 examples not supported by CubeIDE
2021-12-09 17:44:03,980 [INFO] DbExamplesSqlite:412 - Found 5811 examples active
2021-12-09 17:44:03,981 [INFO] DbExamplesSqlite:413 - Found 0 examples obsolete
2021-12-09 17:44:03,981 [INFO] DbExamplesSqlite:414 - Found 0 examples under development
2021-12-09 17:44:03,981 [INFO] DbExamplesSqlite:415 - Found 83 examples not building
2021-12-09 17:44:04,057 [INFO] DbExamplesSqlite:108 - CubeFinder database Data Model version=2.1
2021-12-09 17:44:04,058 [INFO] DbExamplesSqlite:109 - CubeFinder database Configuration version=3.0.14
2021-12-09 17:44:04,058 [INFO] DbExamplesSqlite:110 - CubeFinder database generation date=2021-10-26 (1635247417)
2021-12-09 17:44:04,058 [INFO] DbExamplesSqlite:111 - CubeFinder database FW Pack versions=[STM32Cube_FW_F4_V1.26.2, STM32Cube_FW_F7_V1.16.1, STM32Cube_FW_G0_V1.5.0, STM32Cube_FW_G4_V1.4.0, STM32Cube_FW_H7_V1.9.0, STM32Cube_FW_L5_V1.4.0, STM32Cube_FW_U5_V1.0.2, STM32Cube_FW_WB_V1.12.1, STM32Cube_FW_WL_V1.1.0, X-CUBE-ALS_V1.0.1, X-CUBE-AZRTOS-F4_V1.0.0, X-CUBE-AZRTOS-H7_V2.0.0, X-CUBE-AZRTOS-L4_V1.0.0, X-CUBE-BLE1_V6.2.1, X-CUBE-BLE2_V3.2.1, X-CUBE-EEPRMA1_V3.1.0, X-CUBE-GNSS1_V5.2.0, X-CUBE-NFC4_V2.0.3, X-CUBE-SFXS2LP1_V3.1.0, X-CUBE-SUBG2_V4.2.0]
2021-12-09 17:44:04,059 [INFO] DbExamples:130 - Found 5878 examples
2021-12-09 17:44:05,026 [ERROR] DbExamples:206 - Found 5878 examples with invalid data (board or MCU)
2021-12-09 17:44:05,026 [INFO] DbExamples:222 - Found 74 boards with related examples
2021-12-09 17:44:05,027 [INFO] DbExamples:235 - Found 0 MCUs with related examples
2021-12-09 17:44:05,077 [INFO] ApiDb:242 - User favorites file not found: C:\Users\TrungNguyenTrung/.stm32cubeide/favorites.examples.txt
2021-12-09 17:44:05,077 [INFO] DbExamples:256 - Set 0 / 0 favorites Examples
2021-12-09 17:44:05,711 [INFO] SoftwarePacks:125 - Found SW pack 'STM32Cube_FW_F4_V1.26.2' up-to-date on disk.
2021-12-09 17:44:05,715 [INFO] SoftwarePacks:121 - Download is needed for SW pack 'STM32Cube_FW_F7_V1.16.1'
2021-12-09 17:44:05,718 [INFO] SoftwarePacks:121 - Download is needed for SW pack 'STM32Cube_FW_G0_V1.5.0'
2021-12-09 17:44:05,721 [INFO] SoftwarePacks:121 - Download is needed for SW pack 'STM32Cube_FW_G4_V1.4.0'
2021-12-09 17:44:05,724 [INFO] SoftwarePacks:121 - Download is needed for SW pack 'STM32Cube_FW_H7_V1.9.0'
2021-12-09 17:44:05,726 [INFO] SoftwarePacks:121 - Download is needed for SW pack 'STM32Cube_FW_L5_V1.4.0'
2021-12-09 17:44:05,729 [INFO] SoftwarePacks:121 - Download is needed for SW pack 'STM32Cube_FW_U5_V1.0.2'
2021-12-09 17:44:05,732 [INFO] SoftwarePacks:121 - Download is needed for SW pack 'STM32Cube_FW_WB_V1.12.1'
2021-12-09 17:44:05,735 [INFO] SoftwarePacks:121 - Download is needed for SW pack 'STM32Cube_FW_WL_V1.1.0'
2021-12-09 17:44:05,735 [INFO] SoftwarePacks:121 - Download is needed for SW pack 'X-CUBE-ALS_V1.0.1'
2021-12-09 17:44:05,735 [INFO] SoftwarePacks:121 - Download is needed for SW pack 'X-CUBE-AZRTOS-F4_V1.0.0'
2021-12-09 17:44:05,736 [INFO] SoftwarePacks:121 - Download is needed for SW pack 'X-CUBE-AZRTOS-H7_V2.0.0'
2021-12-09 17:44:05,736 [INFO] SoftwarePacks:121 - Download is needed for SW pack 'X-CUBE-AZRTOS-L4_V1.0.0'
2021-12-09 17:44:05,736 [INFO] SoftwarePacks:121 - Download is needed for SW pack 'X-CUBE-BLE1_V6.2.1'
2021-12-09 17:44:05,736 [INFO] SoftwarePacks:121 - Download is needed for SW pack 'X-CUBE-BLE2_V3.2.1'
2021-12-09 17:44:05,736 [INFO] SoftwarePacks:121 - Download is needed for SW pack 'X-CUBE-EEPRMA1_V3.1.0'
2021-12-09 17:44:05,737 [INFO] SoftwarePacks:121 - Download is needed for SW pack 'X-CUBE-GNSS1_V5.2.0'
2021-12-09 17:44:05,737 [INFO] SoftwarePacks:121 - Download is needed for SW pack 'X-CUBE-NFC4_V2.0.3'
2021-12-09 17:44:05,737 [INFO] SoftwarePacks:121 - Download is needed for SW pack 'X-CUBE-SFXS2LP1_V3.1.0'
2021-12-09 17:44:05,737 [INFO] SoftwarePacks:121 - Download is needed for SW pack 'X-CUBE-SUBG2_V4.2.0'
2021-12-09 17:44:08,447 [INFO] DetailPanel:309 - Set advertising image to C:/Users/TrungNguyenTrung/STM32Cube/Repository/\en.Prom_NBSTM32U50921.jpg
2021-12-09 17:44:46,509 [INFO] McuFinderGlobals:52 - Set McuFinderConnectedMode to true
2021-12-09 17:44:47,005 [INFO] ApiDb:276 - Save user favorites file C:\Users\TrungNguyenTrung/.stm32cubeide/favorites.mcus.txt: 0 item(s)
2021-12-09 17:44:47,005 [INFO] ApiDb:280 - User favorites MCUs=[]
2021-12-09 17:44:47,019 [INFO] ApiDb:276 - Save user favorites file C:\Users\TrungNguyenTrung/.stm32cubeide/favorites.boards.txt: 1 item(s)
2021-12-09 17:44:47,019 [INFO] ApiDb:280 - User favorites Boards=[NUCLEO-F401RE]
2021-12-09 17:44:47,024 [INFO] ApiDb:276 - Save user favorites file C:\Users\TrungNguyenTrung/.stm32cubeide/favorites.examples.txt: 0 item(s)
2021-12-09 17:44:47,025 [INFO] ApiDb:280 - User favorites Examples=[]
2021-12-09 17:44:49,318 [ERROR] LogOutputStream:74 - [STDERR_REDIRECT] Exception in thread "AWT-EventQueue-0" java.lang.NullPointerException
2021-12-09 17:44:49,320 [ERROR] LogOutputStream:74 - [STDERR_REDIRECT] 	at com.st.stm32cube.common.mx.targetselector.TargetSelectorAdapter$6.run(TargetSelectorAdapter.java:310)
2021-12-09 17:44:49,322 [ERROR] LogOutputStream:74 - [STDERR_REDIRECT] 	at com.st.stm32cube.common.mx.oss.core.awtswtbridge.AwtEnvironment$2.run(AwtEnvironment.java:166)
2021-12-09 17:44:49,324 [ERROR] LogOutputStream:74 - [STDERR_REDIRECT] 	at java.desktop/java.awt.event.InvocationEvent.dispatch(InvocationEvent.java:313)
2021-12-09 17:44:49,326 [ERROR] LogOutputStream:74 - [STDERR_REDIRECT] 	at java.desktop/java.awt.EventQueue.dispatchEventImpl(EventQueue.java:770)
2021-12-09 17:44:49,327 [ERROR] LogOutputStream:74 - [STDERR_REDIRECT] 	at java.desktop/java.awt.EventQueue$4.run(EventQueue.java:721)
2021-12-09 17:44:49,329 [ERROR] LogOutputStream:74 - [STDERR_REDIRECT] 	at java.desktop/java.awt.EventQueue$4.run(EventQueue.java:715)
2021-12-09 17:44:49,330 [ERROR] LogOutputStream:74 - [STDERR_REDIRECT] 	at java.base/java.security.AccessController.doPrivileged(Native Method)
2021-12-09 17:44:49,333 [ERROR] LogOutputStream:74 - [STDERR_REDIRECT] 	at java.base/java.security.ProtectionDomain$JavaSecurityAccessImpl.doIntersectionPrivilege(ProtectionDomain.java:85)
2021-12-09 17:44:49,334 [ERROR] LogOutputStream:74 - [STDERR_REDIRECT] 	at java.desktop/java.awt.EventQueue.dispatchEvent(EventQueue.java:740)
2021-12-09 17:44:49,337 [ERROR] LogOutputStream:74 - [STDERR_REDIRECT] 	at java.desktop/java.awt.EventDispatchThread.pumpOneEventForFilters(EventDispatchThread.java:203)
2021-12-09 17:44:49,340 [ERROR] LogOutputStream:74 - [STDERR_REDIRECT] 	at java.desktop/java.awt.EventDispatchThread.pumpEventsForFilter(EventDispatchThread.java:124)
2021-12-09 17:44:49,342 [ERROR] LogOutputStream:74 - [STDERR_REDIRECT] 	at java.desktop/java.awt.EventDispatchThread.pumpEventsForHierarchy(EventDispatchThread.java:113)
2021-12-09 17:44:49,344 [ERROR] LogOutputStream:74 - [STDERR_REDIRECT] 	at java.desktop/java.awt.EventDispatchThread.pumpEvents(EventDispatchThread.java:109)
2021-12-09 17:44:49,346 [ERROR] LogOutputStream:74 - [STDERR_REDIRECT] 	at java.desktop/java.awt.EventDispatchThread.pumpEvents(EventDispatchThread.java:101)
2021-12-09 17:44:49,348 [ERROR] LogOutputStream:74 - [STDERR_REDIRECT] 	at java.desktop/java.awt.EventDispatchThread.run(EventDispatchThread.java:90)
2021-12-10 14:18:51,630 [INFO] Activator:177 - 


2021-12-10 14:18:51,661 [INFO] Activator:178 - !SESSION log4j initialized
